# JRE version: Java(TM) SE Runtime Environment (8.0_231-b11) (build 1.8.0_231-b11)
# Java VM: Java HotSpot(TM) 64-Bit Server VM (25.231-b11 mixed mode windows-amd64 compressed oops)
Heap:
 PSYoungGen      total 466432K, used 330722K [0x00000000e0600000, 0x0000000100000000, 0x0000000100000000)
  eden space 454144K, 71% used [0x00000000e0600000,0x00000000f428b960,0x00000000fc180000)
  from space 12288K, 53% used [0x00000000fc180000,0x00000000fc7ed030,0x00000000fcd80000)
  to   space 11776K, 0% used [0x00000000ff480000,0x00000000ff480000,0x0000000100000000)
 ParOldGen       total 100352K, used 31185K [0x00000000a1200000, 0x00000000a7400000, 0x00000000e0600000)
  object space 100352K, 31% used [0x00000000a1200000,0x00000000a3074718,0x00000000a7400000)
 Metaspace       used 82426K, capacity 86252K, committed 86552K, reserved 1124352K
  class space    used 10097K, capacity 10723K, committed 10792K, reserved 1048576K
GC Heap History (10 events):
Event: 38.961 GC heap before
{Heap before GC invocations=20 (full 2):
 PSYoungGen      total 330240K, used 323919K [0x00000000e0600000, 0x00000000f9180000, 0x0000000100000000)
  eden space 321024K, 100% used [0x00000000e0600000,0x00000000f3f80000,0x00000000f3f80000)
  from space 9216K, 31% used [0x00000000f3f80000,0x00000000f4253db8,0x00000000f4880000)
  to   space 9216K, 0% used [0x00000000f8880000,0x00000000f8880000,0x00000000f9180000)
 ParOldGen       total 64512K, used 21971K [0x00000000a1200000, 0x00000000a5100000, 0x00000000e0600000)
  object space 64512K, 34% used [0x00000000a1200000,0x00000000a2774c10,0x00000000a5100000)
 Metaspace       used 50298K, capacity 52820K, committed 52904K, reserved 1095680K
  class space    used 6279K, capacity 6741K, committed 6824K, reserved 1048576K
Event: 38.990 GC heap after
Heap after GC invocations=20 (full 2):
 PSYoungGen      total 392704K, used 4855K [0x00000000e0600000, 0x00000000f9000000, 0x0000000100000000)
  eden space 385024K, 0% used [0x00000000e0600000,0x00000000e0600000,0x00000000f7e00000)
  from space 7680K, 63% used [0x00000000f8880000,0x00000000f8d3df80,0x00000000f9000000)
  to   space 9216K, 0% used [0x00000000f7e00000,0x00000000f7e00000,0x00000000f8700000)
 ParOldGen       total 64512K, used 23147K [0x00000000a1200000, 0x00000000a5100000, 0x00000000e0600000)
  object space 64512K, 35% used [0x00000000a1200000,0x00000000a289ac20,0x00000000a5100000)
 Metaspace       used 50298K, capacity 52820K, committed 52904K, reserved 1095680K
  class space    used 6279K, capacity 6741K, committed 6824K, reserved 1048576K
}
Event: 42.867 GC heap before
{Heap before GC invocations=21 (full 2):
 PSYoungGen      total 392704K, used 256085K [0x00000000e0600000, 0x00000000f9000000, 0x0000000100000000)
  eden space 385024K, 65% used [0x00000000e0600000,0x00000000efb574f0,0x00000000f7e00000)
  from space 7680K, 63% used [0x00000000f8880000,0x00000000f8d3df80,0x00000000f9000000)
  to   space 9216K, 0% used [0x00000000f7e00000,0x00000000f7e00000,0x00000000f8700000)
 ParOldGen       total 64512K, used 23147K [0x00000000a1200000, 0x00000000a5100000, 0x00000000e0600000)
  object space 64512K, 35% used [0x00000000a1200000,0x00000000a289ac20,0x00000000a5100000)
 Metaspace       used 56184K, capacity 58924K, committed 59160K, reserved 1101824K
  class space    used 6887K, capacity 7363K, committed 7464K, reserved 1048576K
Event: 42.906 GC heap after
Heap after GC invocations=21 (full 2):
 PSYoungGen      total 394240K, used 7083K [0x00000000e0600000, 0x00000000fd980000, 0x0000000100000000)
  eden space 385024K, 0% used [0x00000000e0600000,0x00000000e0600000,0x00000000f7e00000)
  from space 9216K, 76% used [0x00000000f7e00000,0x00000000f84eafb8,0x00000000f8700000)
  to   space 9728K, 0% used [0x00000000fd000000,0x00000000fd000000,0x00000000fd980000)
 ParOldGen       total 64512K, used 25235K [0x00000000a1200000, 0x00000000a5100000, 0x00000000e0600000)
  object space 64512K, 39% used [0x00000000a1200000,0x00000000a2aa4c90,0x00000000a5100000)
 Metaspace       used 56184K, capacity 58924K, committed 59160K, reserved 1101824K
  class space    used 6887K, capacity 7363K, committed 7464K, reserved 1048576K
}
Event: 42.906 GC heap before
{Heap before GC invocations=22 (full 3):
 PSYoungGen      total 394240K, used 7083K [0x00000000e0600000, 0x00000000fd980000, 0x0000000100000000)
  eden space 385024K, 0% used [0x00000000e0600000,0x00000000e0600000,0x00000000f7e00000)
  from space 9216K, 76% used [0x00000000f7e00000,0x00000000f84eafb8,0x00000000f8700000)
  to   space 9728K, 0% used [0x00000000fd000000,0x00000000fd000000,0x00000000fd980000)
 ParOldGen       total 64512K, used 25235K [0x00000000a1200000, 0x00000000a5100000, 0x00000000e0600000)
  object space 64512K, 39% used [0x00000000a1200000,0x00000000a2aa4c90,0x00000000a5100000)
 Metaspace       used 56184K, capacity 58924K, committed 59160K, reserved 1101824K
  class space    used 6887K, capacity 7363K, committed 7464K, reserved 1048576K
Event: 44.021 GC heap after
Heap after GC invocations=22 (full 3):
 PSYoungGen      total 394240K, used 0K [0x00000000e0600000, 0x00000000fd980000, 0x0000000100000000)
  eden space 385024K, 0% used [0x00000000e0600000,0x00000000e0600000,0x00000000f7e00000)
  from space 9216K, 0% used [0x00000000f7e00000,0x00000000f7e00000,0x00000000f8700000)
  to   space 9728K, 0% used [0x00000000fd000000,0x00000000fd000000,0x00000000fd980000)
 ParOldGen       total 100352K, used 23792K [0x00000000a1200000, 0x00000000a7400000, 0x00000000e0600000)
  object space 100352K, 23% used [0x00000000a1200000,0x00000000a293c1d8,0x00000000a7400000)
 Metaspace       used 56184K, capacity 58924K, committed 59160K, reserved 1101824K
  class space    used 6887K, capacity 7363K, committed 7464K, reserved 1048576K
}
Event: 56.995 GC heap before
{Heap before GC invocations=23 (full 3):
 PSYoungGen      total 394240K, used 385024K [0x00000000e0600000, 0x00000000fd980000, 0x0000000100000000)
  eden space 385024K, 100% used [0x00000000e0600000,0x00000000f7e00000,0x00000000f7e00000)
  from space 9216K, 0% used [0x00000000f7e00000,0x00000000f7e00000,0x00000000f8700000)
  to   space 9728K, 0% used [0x00000000fd000000,0x00000000fd000000,0x00000000fd980000)
 ParOldGen       total 100352K, used 23792K [0x00000000a1200000, 0x00000000a7400000, 0x00000000e0600000)
  object space 100352K, 23% used [0x00000000a1200000,0x00000000a293c1d8,0x00000000a7400000)
 Metaspace       used 69967K, capacity 73132K, committed 73240K, reserved 1114112K
  class space    used 8622K, capacity 9155K, committed 9256K, reserved 1048576K
Event: 57.437 GC heap after
Heap after GC invocations=23 (full 3):
 PSYoungGen      total 460800K, used 9714K [0x00000000e0600000, 0x00000000fd980000, 0x0000000100000000)
  eden space 451072K, 0% used [0x00000000e0600000,0x00000000e0600000,0x00000000fbe80000)
  from space 9728K, 99% used [0x00000000fd000000,0x00000000fd97ca00,0x00000000fd980000)
  to   space 12288K, 0% used [0x00000000fc180000,0x00000000fc180000,0x00000000fcd80000)
 ParOldGen       total 100352K, used 27288K [0x00000000a1200000, 0x00000000a7400000, 0x00000000e0600000)
  object space 100352K, 27% used [0x00000000a1200000,0x00000000a2ca63e0,0x00000000a7400000)
 Metaspace       used 69967K, capacity 73132K, committed 73240K, reserved 1114112K
  class space    used 8622K, capacity 9155K, committed 9256K, reserved 1048576K
}
Event: 63.599 GC heap before
{Heap before GC invocations=24 (full 3):
 PSYoungGen      total 460800K, used 460786K [0x00000000e0600000, 0x00000000fd980000, 0x0000000100000000)
  eden space 451072K, 100% used [0x00000000e0600000,0x00000000fbe80000,0x00000000fbe80000)
  from space 9728K, 99% used [0x00000000fd000000,0x00000000fd97ca00,0x00000000fd980000)
  to   space 12288K, 0% used [0x00000000fc180000,0x00000000fc180000,0x00000000fcd80000)
 ParOldGen       total 100352K, used 27288K [0x00000000a1200000, 0x00000000a7400000, 0x00000000e0600000)
  object space 100352K, 27% used [0x00000000a1200000,0x00000000a2ca63e0,0x00000000a7400000)
 Metaspace       used 73926K, capacity 77504K, committed 77720K, reserved 1118208K
  class space    used 9168K, capacity 9769K, committed 9896K, reserved 1048576K
Event: 63.631 GC heap after
Heap after GC invocations=24 (full 3):
 PSYoungGen      total 466432K, used 6580K [0x00000000e0600000, 0x0000000100000000, 0x0000000100000000)
  eden space 454144K, 0% used [0x00000000e0600000,0x00000000e0600000,0x00000000fc180000)
  from space 12288K, 53% used [0x00000000fc180000,0x00000000fc7ed030,0x00000000fcd80000)
  to   space 11776K, 0% used [0x00000000ff480000,0x00000000ff480000,0x0000000100000000)
 ParOldGen       total 100352K, used 31185K [0x00000000a1200000, 0x00000000a7400000, 0x00000000e0600000)
  object space 100352K, 31% used [0x00000000a1200000,0x00000000a3074718,0x00000000a7400000)
 Metaspace       used 73926K, capacity 77504K, committed 77720K, reserved 1118208K
  class space    used 9168K, capacity 9769K, committed 9896K, reserved 1048576K
}

