# JRE version: Java(TM) SE Runtime Environment (8.0_231-b11) (build 1.8.0_231-b11)
# Java VM: Java HotSpot(TM) 64-Bit Server VM (25.231-b11 mixed mode windows-amd64 compressed oops)
Heap:
 PSYoungGen      total 496128K, used 58143K [0x00000000e0600000, 0x0000000100000000, 0x0000000100000000)
  eden space 475136K, 7% used [0x00000000e0600000,0x00000000e2a8abe8,0x00000000fd600000)
  from space 20992K, 98% used [0x00000000fd600000,0x00000000fea3d348,0x00000000fea80000)
  to   space 22016K, 0% used [0x00000000fea80000,0x00000000fea80000,0x0000000100000000)
 ParOldGen       total 93696K, used 36913K [0x00000000a1200000, 0x00000000a6d80000, 0x00000000e0600000)
  object space 93696K, 39% used [0x00000000a1200000,0x00000000a360c4d8,0x00000000a6d80000)
 Metaspace       used 86694K, capacity 91012K, committed 91160K, reserved 1128448K
  class space    used 10545K, capacity 11225K, committed 11304K, reserved 1048576K
GC Heap History (10 events):
Event: 36.634 GC heap before
{Heap before GC invocations=16 (full 3):
 PSYoungGen      total 505344K, used 12068K [0x00000000e0600000, 0x0000000100000000, 0x0000000100000000)
  eden space 493056K, 0% used [0x00000000e0600000,0x00000000e0600000,0x00000000fe780000)
  from space 12288K, 98% used [0x00000000fe780000,0x00000000ff349228,0x00000000ff380000)
  to   space 12800K, 0% used [0x00000000ff380000,0x00000000ff380000,0x0000000100000000)
 ParOldGen       total 61952K, used 19604K [0x00000000a1200000, 0x00000000a4e80000, 0x00000000e0600000)
  object space 61952K, 31% used [0x00000000a1200000,0x00000000a2525028,0x00000000a4e80000)
 Metaspace       used 56213K, capacity 58924K, committed 59160K, reserved 1101824K
  class space    used 6878K, capacity 7353K, committed 7464K, reserved 1048576K
Event: 37.041 GC heap after
Heap after GC invocations=16 (full 3):
 PSYoungGen      total 505344K, used 0K [0x00000000e0600000, 0x0000000100000000, 0x0000000100000000)
  eden space 493056K, 0% used [0x00000000e0600000,0x00000000e0600000,0x00000000fe780000)
  from space 12288K, 0% used [0x00000000fe780000,0x00000000fe780000,0x00000000ff380000)
  to   space 12800K, 0% used [0x00000000ff380000,0x00000000ff380000,0x0000000100000000)
 ParOldGen       total 93696K, used 23940K [0x00000000a1200000, 0x00000000a6d80000, 0x00000000e0600000)
  object space 93696K, 25% used [0x00000000a1200000,0x00000000a2961208,0x00000000a6d80000)
 Metaspace       used 56213K, capacity 58924K, committed 59160K, reserved 1101824K
  class space    used 6878K, capacity 7353K, committed 7464K, reserved 1048576K
}
Event: 50.583 GC heap before
{Heap before GC invocations=17 (full 3):
 PSYoungGen      total 505344K, used 493056K [0x00000000e0600000, 0x0000000100000000, 0x0000000100000000)
  eden space 493056K, 100% used [0x00000000e0600000,0x00000000fe780000,0x00000000fe780000)
  from space 12288K, 0% used [0x00000000fe780000,0x00000000fe780000,0x00000000ff380000)
  to   space 12800K, 0% used [0x00000000ff380000,0x00000000ff380000,0x0000000100000000)
 ParOldGen       total 93696K, used 23940K [0x00000000a1200000, 0x00000000a6d80000, 0x00000000e0600000)
  object space 93696K, 25% used [0x00000000a1200000,0x00000000a2961208,0x00000000a6d80000)
 Metaspace       used 73611K, capacity 77154K, committed 77336K, reserved 1116160K
  class space    used 9135K, capacity 9756K, committed 9768K, reserved 1048576K
Event: 50.780 GC heap after
Heap after GC invocations=17 (full 3):
 PSYoungGen      total 496128K, used 12781K [0x00000000e0600000, 0x0000000100000000, 0x0000000100000000)
  eden space 483328K, 0% used [0x00000000e0600000,0x00000000e0600000,0x00000000fde00000)
  from space 12800K, 99% used [0x00000000ff380000,0x00000000ffffb640,0x0000000100000000)
  to   space 17408K, 0% used [0x00000000fde00000,0x00000000fde00000,0x00000000fef00000)
 ParOldGen       total 93696K, used 29499K [0x00000000a1200000, 0x00000000a6d80000, 0x00000000e0600000)
  object space 93696K, 31% used [0x00000000a1200000,0x00000000a2eced98,0x00000000a6d80000)
 Metaspace       used 73611K, capacity 77154K, committed 77336K, reserved 1116160K
  class space    used 9135K, capacity 9756K, committed 9768K, reserved 1048576K
}
Event: 56.330 GC heap before
{Heap before GC invocations=18 (full 3):
 PSYoungGen      total 496128K, used 496109K [0x00000000e0600000, 0x0000000100000000, 0x0000000100000000)
  eden space 483328K, 100% used [0x00000000e0600000,0x00000000fde00000,0x00000000fde00000)
  from space 12800K, 99% used [0x00000000ff380000,0x00000000ffffb640,0x0000000100000000)
  to   space 17408K, 0% used [0x00000000fde00000,0x00000000fde00000,0x00000000fef00000)
 ParOldGen       total 93696K, used 29499K [0x00000000a1200000, 0x00000000a6d80000, 0x00000000e0600000)
  object space 93696K, 31% used [0x00000000a1200000,0x00000000a2eced98,0x00000000a6d80000)
 Metaspace       used 79094K, capacity 82664K, committed 82840K, reserved 1122304K
  class space    used 9762K, capacity 10343K, committed 10408K, reserved 1048576K
Event: 56.361 GC heap after
Heap after GC invocations=18 (full 3):
 PSYoungGen      total 496128K, used 12566K [0x00000000e0600000, 0x0000000100000000, 0x0000000100000000)
  eden space 483328K, 0% used [0x00000000e0600000,0x00000000e0600000,0x00000000fde00000)
  from space 12800K, 98% used [0x00000000fde00000,0x00000000fea45850,0x00000000fea80000)
  to   space 17920K, 0% used [0x00000000fee80000,0x00000000fee80000,0x0000000100000000)
 ParOldGen       total 93696K, used 29507K [0x00000000a1200000, 0x00000000a6d80000, 0x00000000e0600000)
  object space 93696K, 31% used [0x00000000a1200000,0x00000000a2ed0d98,0x00000000a6d80000)
 Metaspace       used 79094K, capacity 82664K, committed 82840K, reserved 1122304K
  class space    used 9762K, capacity 10343K, committed 10408K, reserved 1048576K
}
Event: 67.748 GC heap before
{Heap before GC invocations=19 (full 3):
 PSYoungGen      total 496128K, used 495894K [0x00000000e0600000, 0x0000000100000000, 0x0000000100000000)
  eden space 483328K, 100% used [0x00000000e0600000,0x00000000fde00000,0x00000000fde00000)
  from space 12800K, 98% used [0x00000000fde00000,0x00000000fea45850,0x00000000fea80000)
  to   space 17920K, 0% used [0x00000000fee80000,0x00000000fee80000,0x0000000100000000)
 ParOldGen       total 93696K, used 29507K [0x00000000a1200000, 0x00000000a6d80000, 0x00000000e0600000)
  object space 93696K, 31% used [0x00000000a1200000,0x00000000a2ed0d98,0x00000000a6d80000)
 Metaspace       used 85312K, capacity 89492K, committed 89752K, reserved 1128448K
  class space    used 10401K, capacity 11083K, committed 11176K, reserved 1048576K
Event: 67.789 GC heap after
Heap after GC invocations=19 (full 3):
 PSYoungGen      total 493056K, used 17896K [0x00000000e0600000, 0x0000000100000000, 0x0000000100000000)
  eden space 475136K, 0% used [0x00000000e0600000,0x00000000e0600000,0x00000000fd600000)
  from space 17920K, 99% used [0x00000000fee80000,0x00000000ffffa068,0x0000000100000000)
  to   space 21504K, 0% used [0x00000000fd600000,0x00000000fd600000,0x00000000feb00000)
 ParOldGen       total 93696K, used 32052K [0x00000000a1200000, 0x00000000a6d80000, 0x00000000e0600000)
  object space 93696K, 34% used [0x00000000a1200000,0x00000000a314d358,0x00000000a6d80000)
 Metaspace       used 85312K, capacity 89492K, committed 89752K, reserved 1128448K
  class space    used 10401K, capacity 11083K, committed 11176K, reserved 1048576K
}
Event: 73.925 GC heap before
{Heap before GC invocations=20 (full 3):
 PSYoungGen      total 493056K, used 493032K [0x00000000e0600000, 0x0000000100000000, 0x0000000100000000)
  eden space 475136K, 100% used [0x00000000e0600000,0x00000000fd600000,0x00000000fd600000)
  from space 17920K, 99% used [0x00000000fee80000,0x00000000ffffa068,0x0000000100000000)
  to   space 21504K, 0% used [0x00000000fd600000,0x00000000fd600000,0x00000000feb00000)
 ParOldGen       total 93696K, used 32052K [0x00000000a1200000, 0x00000000a6d80000, 0x00000000e0600000)
  object space 93696K, 34% used [0x00000000a1200000,0x00000000a314d358,0x00000000a6d80000)
 Metaspace       used 85984K, capacity 90236K, committed 90520K, reserved 1128448K
  class space    used 10456K, capacity 11133K, committed 11176K, reserved 1048576K
Event: 74.050 GC heap after
Heap after GC invocations=20 (full 3):
 PSYoungGen      total 496128K, used 20724K [0x00000000e0600000, 0x0000000100000000, 0x0000000100000000)
  eden space 475136K, 0% used [0x00000000e0600000,0x00000000e0600000,0x00000000fd600000)
  from space 20992K, 98% used [0x00000000fd600000,0x00000000fea3d348,0x00000000fea80000)
  to   space 22016K, 0% used [0x00000000fea80000,0x00000000fea80000,0x0000000100000000)
 ParOldGen       total 93696K, used 36913K [0x00000000a1200000, 0x00000000a6d80000, 0x00000000e0600000)
  object space 93696K, 39% used [0x00000000a1200000,0x00000000a360c4d8,0x00000000a6d80000)
 Metaspace       used 85984K, capacity 90236K, committed 90520K, reserved 1128448K
  class space    used 10456K, capacity 11133K, committed 11176K, reserved 1048576K
}

